Using device: cuda
C:\Users\chavv\anaconda\envs\huggingface-torch\lib\site-packages\torch\optim\lr_scheduler.py:60: UserWarning: The verbose parameter is deprecated. Please use get_last_lr() to access the learning rate.
  warnings.warn(
100%|████████████████████████████████████████████████████████████████████████| 309/309 [00:12<00:00, 25.18it/s]
Epoch [1/100], Loss: 0.6165, Acc: 63.17%, Val Loss: 0.5476, Val Acc: 66.18%
100%|████████████████████████████████████████████████████████████████████████| 309/309 [00:11<00:00, 25.88it/s]
Epoch [2/100], Loss: 0.5189, Acc: 72.11%, Val Loss: 0.5820, Val Acc: 66.83%
100%|████████████████████████████████████████████████████████████████████████| 309/309 [00:12<00:00, 25.52it/s]
Epoch [3/100], Loss: 0.5400, Acc: 72.15%, Val Loss: 0.5384, Val Acc: 71.04%
100%|████████████████████████████████████████████████████████████████████████| 309/309 [00:12<00:00, 25.17it/s]
Epoch [4/100], Loss: 0.4782, Acc: 75.73%, Val Loss: 0.4735, Val Acc: 75.40%
100%|████████████████████████████████████████████████████████████████████████| 309/309 [00:12<00:00, 25.35it/s]
Epoch [5/100], Loss: 0.4520, Acc: 76.66%, Val Loss: 0.4464, Val Acc: 77.35%
100%|████████████████████████████████████████████████████████████████████████| 309/309 [00:12<00:00, 25.06it/s]
Epoch [6/100], Loss: 0.4187, Acc: 79.19%, Val Loss: 0.4215, Val Acc: 78.80%
100%|████████████████████████████████████████████████████████████████████████| 309/309 [00:12<00:00, 24.70it/s]
Epoch [7/100], Loss: 0.4032, Acc: 79.57%, Val Loss: 0.4254, Val Acc: 75.57%
100%|████████████████████████████████████████████████████████████████████████| 309/309 [00:12<00:00, 25.07it/s]
Epoch [8/100], Loss: 0.3900, Acc: 80.40%, Val Loss: 0.4351, Val Acc: 76.86%
100%|████████████████████████████████████████████████████████████████████████| 309/309 [00:12<00:00, 25.25it/s]
Epoch [9/100], Loss: 0.3944, Acc: 79.73%, Val Loss: 0.4739, Val Acc: 76.54%
100%|████████████████████████████████████████████████████████████████████████| 309/309 [00:12<00:00, 25.03it/s]
Epoch [10/100], Loss: 0.3923, Acc: 80.36%, Val Loss: 0.4079, Val Acc: 79.61%
100%|████████████████████████████████████████████████████████████████████████| 309/309 [00:12<00:00, 24.86it/s]
Epoch [11/100], Loss: 0.4225, Acc: 80.24%, Val Loss: 0.4835, Val Acc: 76.70%
100%|████████████████████████████████████████████████████████████████████████| 309/309 [00:12<00:00, 24.86it/s]
Epoch [12/100], Loss: 0.5395, Acc: 71.28%, Val Loss: 0.4719, Val Acc: 77.99%
100%|████████████████████████████████████████████████████████████████████████| 309/309 [00:12<00:00, 24.64it/s]
Epoch [13/100], Loss: 0.4465, Acc: 77.77%, Val Loss: 0.4159, Val Acc: 80.74%
100%|████████████████████████████████████████████████████████████████████████| 309/309 [00:12<00:00, 24.61it/s]
Epoch [14/100], Loss: 0.4130, Acc: 79.69%, Val Loss: 0.4235, Val Acc: 78.64%
100%|████████████████████████████████████████████████████████████████████████| 309/309 [00:12<00:00, 24.46it/s]
Epoch [15/100], Loss: 0.4107, Acc: 80.06%, Val Loss: 0.3928, Val Acc: 78.64%
100%|████████████████████████████████████████████████████████████████████████| 309/309 [00:12<00:00, 24.42it/s]
Epoch [16/100], Loss: 0.3941, Acc: 79.63%, Val Loss: 0.3990, Val Acc: 79.61%
100%|████████████████████████████████████████████████████████████████████████| 309/309 [00:13<00:00, 23.22it/s]
Epoch [17/100], Loss: 0.3740, Acc: 81.17%, Val Loss: 0.3919, Val Acc: 80.42%
100%|████████████████████████████████████████████████████████████████████████| 309/309 [00:13<00:00, 22.53it/s]
Epoch [18/100], Loss: 0.3867, Acc: 80.50%, Val Loss: 0.4432, Val Acc: 75.40%
100%|████████████████████████████████████████████████████████████████████████| 309/309 [00:13<00:00, 22.42it/s]
Epoch [19/100], Loss: 0.3848, Acc: 80.26%, Val Loss: 0.5631, Val Acc: 73.30%
100%|████████████████████████████████████████████████████████████████████████| 309/309 [00:13<00:00, 22.61it/s]
Epoch [20/100], Loss: 0.3924, Acc: 79.94%, Val Loss: 0.3924, Val Acc: 77.83%
100%|████████████████████████████████████████████████████████████████████████| 309/309 [00:13<00:00, 22.67it/s]
Epoch [21/100], Loss: 0.3821, Acc: 80.81%, Val Loss: 0.3894, Val Acc: 80.74%
100%|████████████████████████████████████████████████████████████████████████| 309/309 [00:13<00:00, 23.34it/s]
Epoch [22/100], Loss: 0.4067, Acc: 79.43%, Val Loss: 0.4665, Val Acc: 76.05%
100%|████████████████████████████████████████████████████████████████████████| 309/309 [00:13<00:00, 22.71it/s]
Epoch [23/100], Loss: 0.4045, Acc: 78.76%, Val Loss: 0.4186, Val Acc: 76.05%
100%|████████████████████████████████████████████████████████████████████████| 309/309 [00:13<00:00, 22.94it/s]
Epoch [24/100], Loss: 0.4004, Acc: 79.61%, Val Loss: 0.3958, Val Acc: 79.13%
100%|████████████████████████████████████████████████████████████████████████| 309/309 [00:13<00:00, 22.77it/s]
Epoch [25/100], Loss: 0.3804, Acc: 81.27%, Val Loss: 0.4249, Val Acc: 81.55%
100%|████████████████████████████████████████████████████████████████████████| 309/309 [00:13<00:00, 22.84it/s]
Epoch [26/100], Loss: 0.3778, Acc: 82.12%, Val Loss: 0.3824, Val Acc: 81.07%
100%|████████████████████████████████████████████████████████████████████████| 309/309 [00:13<00:00, 23.00it/s]
Epoch [27/100], Loss: 0.3734, Acc: 81.15%, Val Loss: 0.3852, Val Acc: 81.39%
100%|████████████████████████████████████████████████████████████████████████| 309/309 [00:13<00:00, 22.15it/s]
Epoch [28/100], Loss: 0.3603, Acc: 82.26%, Val Loss: 0.3940, Val Acc: 82.69%
100%|████████████████████████████████████████████████████████████████████████| 309/309 [00:13<00:00, 22.96it/s]
Epoch [29/100], Loss: 0.3568, Acc: 82.08%, Val Loss: 0.3853, Val Acc: 82.20%
100%|████████████████████████████████████████████████████████████████████████| 309/309 [00:14<00:00, 21.98it/s]
Epoch [30/100], Loss: 0.3537, Acc: 83.33%, Val Loss: 0.4110, Val Acc: 80.58%
100%|████████████████████████████████████████████████████████████████████████| 309/309 [00:13<00:00, 22.39it/s]
Epoch [31/100], Loss: 0.3517, Acc: 83.33%, Val Loss: 0.3984, Val Acc: 81.23%
100%|████████████████████████████████████████████████████████████████████████| 309/309 [00:13<00:00, 22.51it/s]
Epoch [32/100], Loss: 0.3476, Acc: 83.19%, Val Loss: 0.3774, Val Acc: 82.04%
100%|████████████████████████████████████████████████████████████████████████| 309/309 [00:13<00:00, 22.54it/s]
Epoch [33/100], Loss: 0.3494, Acc: 83.19%, Val Loss: 0.3737, Val Acc: 82.36%
100%|████████████████████████████████████████████████████████████████████████| 309/309 [00:13<00:00, 22.61it/s]
Epoch [34/100], Loss: 0.3407, Acc: 83.88%, Val Loss: 0.3641, Val Acc: 84.14%
100%|████████████████████████████████████████████████████████████████████████| 309/309 [00:13<00:00, 22.79it/s]
Epoch [35/100], Loss: 0.3320, Acc: 83.82%, Val Loss: 0.3671, Val Acc: 82.04%
100%|████████████████████████████████████████████████████████████████████████| 309/309 [00:13<00:00, 22.38it/s]
Epoch [36/100], Loss: 0.3345, Acc: 84.08%, Val Loss: 0.3914, Val Acc: 80.42%
100%|████████████████████████████████████████████████████████████████████████| 309/309 [00:13<00:00, 22.22it/s]
Epoch [37/100], Loss: 0.3381, Acc: 83.94%, Val Loss: 0.3515, Val Acc: 84.63%
100%|████████████████████████████████████████████████████████████████████████| 309/309 [00:14<00:00, 21.47it/s]
Epoch [38/100], Loss: 0.3289, Acc: 84.47%, Val Loss: 0.3689, Val Acc: 83.66%
100%|████████████████████████████████████████████████████████████████████████| 309/309 [00:15<00:00, 20.32it/s]
Epoch [39/100], Loss: 0.3298, Acc: 84.99%, Val Loss: 0.3592, Val Acc: 82.36%
100%|████████████████████████████████████████████████████████████████████████| 309/309 [00:13<00:00, 22.41it/s]
Epoch [40/100], Loss: 0.3310, Acc: 84.53%, Val Loss: 0.3458, Val Acc: 83.17%
100%|████████████████████████████████████████████████████████████████████████| 309/309 [00:13<00:00, 23.00it/s]
Epoch [41/100], Loss: 0.3239, Acc: 85.15%, Val Loss: 0.3656, Val Acc: 83.33%
100%|████████████████████████████████████████████████████████████████████████| 309/309 [00:13<00:00, 22.76it/s]
Epoch [42/100], Loss: 0.3210, Acc: 84.89%, Val Loss: 0.3488, Val Acc: 82.85%
100%|████████████████████████████████████████████████████████████████████████| 309/309 [00:13<00:00, 22.67it/s]
Epoch [43/100], Loss: 0.3269, Acc: 84.45%, Val Loss: 0.3779, Val Acc: 82.04%
100%|████████████████████████████████████████████████████████████████████████| 309/309 [00:13<00:00, 23.47it/s]
Epoch [44/100], Loss: 0.3193, Acc: 84.79%, Val Loss: 0.3726, Val Acc: 83.01%
100%|████████████████████████████████████████████████████████████████████████| 309/309 [00:13<00:00, 22.69it/s]
Epoch [45/100], Loss: 0.3205, Acc: 85.28%, Val Loss: 0.3505, Val Acc: 83.33%
100%|████████████████████████████████████████████████████████████████████████| 309/309 [00:13<00:00, 22.72it/s]
Epoch [46/100], Loss: 0.3177, Acc: 84.83%, Val Loss: 0.3726, Val Acc: 82.20%
100%|████████████████████████████████████████████████████████████████████████| 309/309 [00:13<00:00, 22.88it/s]
Epoch [47/100], Loss: 0.3181, Acc: 84.53%, Val Loss: 0.3521, Val Acc: 82.69%
100%|████████████████████████████████████████████████████████████████████████| 309/309 [00:14<00:00, 22.01it/s]
Epoch [48/100], Loss: 0.3154, Acc: 85.46%, Val Loss: 0.3569, Val Acc: 83.33%
100%|████████████████████████████████████████████████████████████████████████| 309/309 [00:13<00:00, 23.09it/s]
Epoch [49/100], Loss: 0.3141, Acc: 85.32%, Val Loss: 0.3568, Val Acc: 83.98%
100%|████████████████████████████████████████████████████████████████████████| 309/309 [00:13<00:00, 22.85it/s]
Epoch [50/100], Loss: 0.3106, Acc: 85.56%, Val Loss: 0.3513, Val Acc: 83.98%
Early stopping!
D:\github\Cricket-Prediction\ml_modeling\4_hptuning\train.py:188: FutureWarning: You are using `torch.load` with `weights_only=False` (the current default value), which uses the default pickle module implicitly. It is possible to construct malicious pickle data which will execute arbitrary code during unpickling (See https://github.com/pytorch/pytorch/blob/main/SECURITY.md#untrusted-models for more details). In a future release, the default value for `weights_only` will be flipped to `True`. This limits the functions that could be executed during unpickling. Arbitrary objects will no longer be allowed to be loaded via this mode unless they are explicitly allowlisted by the user via `torch.serialization.add_safe_globals`. We recommend you start setting `weights_only=True` for any use case where you don't have full control of the loaded file. Please open an issue on GitHub for any issues related to this experimental feature.
  model.load_state_dict(torch.load(os.path.join(save_dir, 'best_model.pth')))
Test Accuracy: 83.65 %
Confusion Matrix:
[[268  20]
 [ 82 254]]
Classification Report:
              precision    recall  f1-score   support

        Loss       0.77      0.93      0.84       288
         Won       0.93      0.76      0.83       336

    accuracy                           0.84       624
   macro avg       0.85      0.84      0.84       624
weighted avg       0.85      0.84      0.84       624
